<?xml version="1.0" encoding="UTF-8"?>
<!-- Generated by org.testng.reporters.JUnitXMLReporter -->
<testsuite ignored="4" hostname="LTIN263820" failures="0" tests="3" name="ChromeTest" time="63.811" errors="0" timestamp="2024-03-18T13:55:17 IST">
  <testcase classname="TestCase.UpcomingBikeDetailsTestCase" name="UpcomingBikes" time="21.591"/>
  <testcase classname="TestCase.UsedcarDetailsTest" name="UsedCarDetails" time="16.584"/>
  <testcase classname="TestCase.GoogleSignInTest" name="verifyLoginPage" time="11.57"/>
  <testcase classname="TestBase.BaseClass" name="@AfterTest tearDown" time="0.0">
    <ignored/>
  </testcase> <!-- @AfterTest tearDown -->
  <testcase classname="TestBase.BaseClass" name="@BeforeTest setup" time="0.0">
    <ignored/>
  </testcase> <!-- @BeforeTest setup -->
  <testcase classname="TestBase.BaseClass" name="@BeforeTest setup" time="0.0">
    <ignored/>
  </testcase> <!-- @BeforeTest setup -->
  <testcase classname="TestBase.BaseClass" name="@AfterTest tearDown" time="0.0">
    <ignored/>
  </testcase> <!-- @AfterTest tearDown -->
</testsuite> <!-- ChromeTest -->
