<?xml version="1.0" encoding="UTF-8"?>
<!-- Generated by org.testng.reporters.JUnitXMLReporter -->
<testsuite ignored="6" hostname="LTIN263820" failures="0" tests="5" name="ChromeTest" time="62.387" errors="0" timestamp="2024-03-05T00:16:21 IST">
  <testcase classname="TestCase.UpcomingBikeDetailsTestCase" name="clickNewBikes" time="5.362"/>
  <testcase classname="TestCase.UpcomingBikeDetailsTestCase" name="clickUpcomingBikes" time="16.687"/>
  <testcase classname="TestCase.UsedcarDetailsTest" name="UsedCarDetails" time="16.796"/>
  <testcase classname="TestCase.GoogleLoginOrSignUpTest" name="verifyLoginPage" time="3.615"/>
  <testcase classname="TestCase.GoogleSignInTest" name="verifyLoginPage" time="7.385"/>
  <testcase classname="TestBase.BaseClass" name="@AfterTest tearDown" time="0.0">
    <ignored/>
  </testcase> <!-- @AfterTest tearDown -->
  <testcase classname="TestBase.BaseClass" name="@BeforeTest setup" time="0.0">
    <ignored/>
  </testcase> <!-- @BeforeTest setup -->
  <testcase classname="TestBase.BaseClass" name="@BeforeTest setup" time="0.0">
    <ignored/>
  </testcase> <!-- @BeforeTest setup -->
  <testcase classname="TestBase.BaseClass" name="@BeforeTest setup" time="0.0">
    <ignored/>
  </testcase> <!-- @BeforeTest setup -->
  <testcase classname="TestBase.BaseClass" name="@AfterTest tearDown" time="0.0">
    <ignored/>
  </testcase> <!-- @AfterTest tearDown -->
  <testcase classname="TestBase.BaseClass" name="@AfterTest tearDown" time="0.0">
    <ignored/>
  </testcase> <!-- @AfterTest tearDown -->
</testsuite> <!-- ChromeTest -->
