<?xml version="1.0" encoding="UTF-8"?>
<testng-results ignored="0" total="3" passed="3" failed="0" skipped="0">
  <reporter-output>
  </reporter-output>
  <suite started-at="2024-03-18T13:58:33 IST" name="Suite" finished-at="2024-03-18T13:59:39 IST" duration-ms="66070">
    <groups>
      <group name="regression">
        <method signature="GoogleSignInTest.verifyLoginPage()[pri:0, instance:TestCase.GoogleSignInTest@40e10ff8]" name="verifyLoginPage" class="TestCase.GoogleSignInTest"/>
        <method signature="UpcomingBikeDetailsTestCase.UpcomingBikes()[pri:0, instance:TestCase.UpcomingBikeDetailsTestCase@6cbcf243]" name="UpcomingBikes" class="TestCase.UpcomingBikeDetailsTestCase"/>
        <method signature="UsedcarDetailsTest.UsedCarDetails()[pri:0, instance:TestCase.UsedcarDetailsTest@275fe372]" name="UsedCarDetails" class="TestCase.UsedcarDetailsTest"/>
      </group> <!-- regression -->
      <group name="smoke">
        <method signature="UpcomingBikeDetailsTestCase.UpcomingBikes()[pri:0, instance:TestCase.UpcomingBikeDetailsTestCase@6cbcf243]" name="UpcomingBikes" class="TestCase.UpcomingBikeDetailsTestCase"/>
      </group> <!-- smoke -->
      <group name="master">
        <method signature="GoogleSignInTest.verifyLoginPage()[pri:0, instance:TestCase.GoogleSignInTest@40e10ff8]" name="verifyLoginPage" class="TestCase.GoogleSignInTest"/>
        <method signature="UpcomingBikeDetailsTestCase.UpcomingBikes()[pri:0, instance:TestCase.UpcomingBikeDetailsTestCase@6cbcf243]" name="UpcomingBikes" class="TestCase.UpcomingBikeDetailsTestCase"/>
        <method signature="UsedcarDetailsTest.UsedCarDetails()[pri:0, instance:TestCase.UsedcarDetailsTest@275fe372]" name="UsedCarDetails" class="TestCase.UsedcarDetailsTest"/>
      </group> <!-- master -->
    </groups>
    <test started-at="2024-03-18T13:58:33 IST" name="ChromeTest" finished-at="2024-03-18T13:59:39 IST" duration-ms="66070">
      <class name="TestCase.UsedcarDetailsTest">
        <test-method signature="UsedCarDetails()[pri:0, instance:TestCase.UsedcarDetailsTest@275fe372]" started-at="2024-03-18T13:59:09 IST" name="UsedCarDetails" finished-at="2024-03-18T13:59:25 IST" duration-ms="16464" status="PASS">
          <reporter-output>
          </reporter-output>
        </test-method> <!-- UsedCarDetails -->
      </class> <!-- TestCase.UsedcarDetailsTest -->
      <class name="TestCase.UpcomingBikeDetailsTestCase">
        <test-method is-config="true" signature="setup(java.lang.String,java.lang.String)[pri:0, instance:TestCase.UpcomingBikeDetailsTestCase@6cbcf243]" started-at="2024-03-18T13:58:33 IST" name="setup" finished-at="2024-03-18T13:58:45 IST" duration-ms="12224" status="PASS">
          <params>
            <param index="0">
              <value>
                <![CDATA[Windows]]>
              </value>
            </param>
            <param index="1">
              <value>
                <![CDATA[chrome]]>
              </value>
            </param>
          </params>
          <reporter-output>
          </reporter-output>
        </test-method> <!-- setup -->
        <test-method signature="UpcomingBikes()[pri:0, instance:TestCase.UpcomingBikeDetailsTestCase@6cbcf243]" started-at="2024-03-18T13:58:46 IST" name="UpcomingBikes" finished-at="2024-03-18T13:59:09 IST" duration-ms="22979" status="PASS">
          <reporter-output>
          </reporter-output>
        </test-method> <!-- UpcomingBikes -->
        <test-method is-config="true" signature="tearDown()[pri:0, instance:TestCase.UpcomingBikeDetailsTestCase@6cbcf243]" started-at="2024-03-18T13:59:38 IST" name="tearDown" finished-at="2024-03-18T13:59:39 IST" duration-ms="1231" status="PASS">
          <reporter-output>
          </reporter-output>
        </test-method> <!-- tearDown -->
      </class> <!-- TestCase.UpcomingBikeDetailsTestCase -->
      <class name="TestCase.GoogleSignInTest">
        <test-method signature="verifyLoginPage()[pri:0, instance:TestCase.GoogleSignInTest@40e10ff8]" started-at="2024-03-18T13:59:26 IST" name="verifyLoginPage" finished-at="2024-03-18T13:59:38 IST" duration-ms="11928" status="PASS">
          <reporter-output>
          </reporter-output>
        </test-method> <!-- verifyLoginPage -->
      </class> <!-- TestCase.GoogleSignInTest -->
    </test> <!-- ChromeTest -->
  </suite> <!-- Suite -->
</testng-results>
