<?xml version="1.0" encoding="UTF-8"?>
<testng-results ignored="0" total="5" passed="5" failed="0" skipped="0">
  <reporter-output>
  </reporter-output>
  <suite started-at="2024-03-05T00:15:10 IST" name="Suite" finished-at="2024-03-05T00:16:12 IST" duration-ms="62387">
    <groups>
      <group name="regression">
        <method signature="GoogleLoginOrSignUpTest.verifyLoginPage()[pri:0, instance:TestCase.GoogleLoginOrSignUpTest@4fad94a7]" name="verifyLoginPage" class="TestCase.GoogleLoginOrSignUpTest"/>
        <method signature="GoogleSignInTest.verifyLoginPage()[pri:0, instance:TestCase.GoogleSignInTest@475835b1]" name="verifyLoginPage" class="TestCase.GoogleSignInTest"/>
        <method signature="UpcomingBikeDetailsTestCase.clickNewBikes()[pri:0, instance:TestCase.UpcomingBikeDetailsTestCase@c7a975a]" name="clickNewBikes" class="TestCase.UpcomingBikeDetailsTestCase"/>
        <method signature="UpcomingBikeDetailsTestCase.clickUpcomingBikes()[pri:0, instance:TestCase.UpcomingBikeDetailsTestCase@c7a975a]" name="clickUpcomingBikes" class="TestCase.UpcomingBikeDetailsTestCase"/>
        <method signature="UsedcarDetailsTest.UsedCarDetails()[pri:0, instance:TestCase.UsedcarDetailsTest@36b0fcd5]" name="UsedCarDetails" class="TestCase.UsedcarDetailsTest"/>
      </group> <!-- regression -->
      <group name="smoke">
        <method signature="GoogleLoginOrSignUpTest.verifyLoginPage()[pri:0, instance:TestCase.GoogleLoginOrSignUpTest@4fad94a7]" name="verifyLoginPage" class="TestCase.GoogleLoginOrSignUpTest"/>
        <method signature="UpcomingBikeDetailsTestCase.clickNewBikes()[pri:0, instance:TestCase.UpcomingBikeDetailsTestCase@c7a975a]" name="clickNewBikes" class="TestCase.UpcomingBikeDetailsTestCase"/>
        <method signature="UpcomingBikeDetailsTestCase.clickUpcomingBikes()[pri:0, instance:TestCase.UpcomingBikeDetailsTestCase@c7a975a]" name="clickUpcomingBikes" class="TestCase.UpcomingBikeDetailsTestCase"/>
      </group> <!-- smoke -->
      <group name="master">
        <method signature="GoogleLoginOrSignUpTest.verifyLoginPage()[pri:0, instance:TestCase.GoogleLoginOrSignUpTest@4fad94a7]" name="verifyLoginPage" class="TestCase.GoogleLoginOrSignUpTest"/>
        <method signature="GoogleSignInTest.verifyLoginPage()[pri:0, instance:TestCase.GoogleSignInTest@475835b1]" name="verifyLoginPage" class="TestCase.GoogleSignInTest"/>
        <method signature="UpcomingBikeDetailsTestCase.clickNewBikes()[pri:0, instance:TestCase.UpcomingBikeDetailsTestCase@c7a975a]" name="clickNewBikes" class="TestCase.UpcomingBikeDetailsTestCase"/>
        <method signature="UpcomingBikeDetailsTestCase.clickUpcomingBikes()[pri:0, instance:TestCase.UpcomingBikeDetailsTestCase@c7a975a]" name="clickUpcomingBikes" class="TestCase.UpcomingBikeDetailsTestCase"/>
        <method signature="UsedcarDetailsTest.UsedCarDetails()[pri:0, instance:TestCase.UsedcarDetailsTest@36b0fcd5]" name="UsedCarDetails" class="TestCase.UsedcarDetailsTest"/>
      </group> <!-- master -->
    </groups>
    <test started-at="2024-03-05T00:15:10 IST" name="ChromeTest" finished-at="2024-03-05T00:16:12 IST" duration-ms="62387">
      <class name="TestCase.UsedcarDetailsTest">
        <test-method signature="UsedCarDetails()[pri:0, instance:TestCase.UsedcarDetailsTest@36b0fcd5]" started-at="2024-03-05T00:15:42 IST" name="UsedCarDetails" finished-at="2024-03-05T00:15:59 IST" duration-ms="16796" status="PASS">
          <reporter-output>
          </reporter-output>
        </test-method> <!-- UsedCarDetails -->
      </class> <!-- TestCase.UsedcarDetailsTest -->
      <class name="TestCase.GoogleLoginOrSignUpTest">
        <test-method signature="verifyLoginPage()[pri:0, instance:TestCase.GoogleLoginOrSignUpTest@4fad94a7]" started-at="2024-03-05T00:15:59 IST" name="verifyLoginPage" finished-at="2024-03-05T00:16:03 IST" duration-ms="3615" status="PASS">
          <reporter-output>
          </reporter-output>
        </test-method> <!-- verifyLoginPage -->
      </class> <!-- TestCase.GoogleLoginOrSignUpTest -->
      <class name="TestCase.UpcomingBikeDetailsTestCase">
        <test-method is-config="true" signature="setup(java.lang.String,java.lang.String)[pri:0, instance:TestCase.UpcomingBikeDetailsTestCase@c7a975a]" started-at="2024-03-05T00:15:10 IST" name="setup" finished-at="2024-03-05T00:15:19 IST" duration-ms="8974" status="PASS">
          <params>
            <param index="0">
              <value>
                <![CDATA[Windows]]>
              </value>
            </param>
            <param index="1">
              <value>
                <![CDATA[chrome]]>
              </value>
            </param>
          </params>
          <reporter-output>
          </reporter-output>
        </test-method> <!-- setup -->
        <test-method signature="clickNewBikes()[pri:0, instance:TestCase.UpcomingBikeDetailsTestCase@c7a975a]" started-at="2024-03-05T00:15:19 IST" name="clickNewBikes" finished-at="2024-03-05T00:15:25 IST" duration-ms="5362" status="PASS">
          <reporter-output>
          </reporter-output>
        </test-method> <!-- clickNewBikes -->
        <test-method signature="clickUpcomingBikes()[pri:0, instance:TestCase.UpcomingBikeDetailsTestCase@c7a975a]" started-at="2024-03-05T00:15:25 IST" name="clickUpcomingBikes" finished-at="2024-03-05T00:15:42 IST" depends-on-methods="TestCase.UpcomingBikeDetailsTestCase.clickNewBikes" duration-ms="16687" status="PASS">
          <reporter-output>
          </reporter-output>
        </test-method> <!-- clickUpcomingBikes -->
        <test-method is-config="true" signature="tearDown()[pri:0, instance:TestCase.UpcomingBikeDetailsTestCase@c7a975a]" started-at="2024-03-05T00:16:11 IST" name="tearDown" finished-at="2024-03-05T00:16:12 IST" duration-ms="1199" status="PASS">
          <reporter-output>
          </reporter-output>
        </test-method> <!-- tearDown -->
      </class> <!-- TestCase.UpcomingBikeDetailsTestCase -->
      <class name="TestCase.GoogleSignInTest">
        <test-method signature="verifyLoginPage()[pri:0, instance:TestCase.GoogleSignInTest@475835b1]" started-at="2024-03-05T00:16:03 IST" name="verifyLoginPage" finished-at="2024-03-05T00:16:11 IST" duration-ms="7385" status="PASS">
          <reporter-output>
          </reporter-output>
        </test-method> <!-- verifyLoginPage -->
      </class> <!-- TestCase.GoogleSignInTest -->
    </test> <!-- ChromeTest -->
  </suite> <!-- Suite -->
</testng-results>
